0 info it worked if it ends with ok
1 verbose cli [ '/usr/local/bin/node',
1 verbose cli   '/usr/local/bin/npm',
1 verbose cli   'install',
1 verbose cli   '-g',
1 verbose cli   'ionic',
1 verbose cli   'to',
1 verbose cli   'update' ]
2 info using npm@2.14.3
3 info using node@v4.1.0
4 verbose install initial load of /usr/local/lib/package.json
5 verbose readDependencies loading dependencies from /usr/local/lib/package.json
6 silly cache add args [ 'ionic', null ]
7 verbose cache add spec ionic
8 silly cache add args [ 'to', null ]
9 verbose cache add spec to
10 silly cache add args [ 'update', null ]
11 verbose cache add spec update
12 silly cache add parsed spec Result {
12 silly cache add   raw: 'ionic',
12 silly cache add   scope: null,
12 silly cache add   name: 'ionic',
12 silly cache add   rawSpec: '',
12 silly cache add   spec: '*',
12 silly cache add   type: 'range' }
13 silly addNamed ionic@*
14 verbose addNamed "*" is a valid semver range for ionic
15 silly addNameRange { name: 'ionic', range: '*', hasData: false }
16 silly mapToRegistry name ionic
17 silly mapToRegistry using default registry
18 silly mapToRegistry registry https://registry.npmjs.org/
19 silly mapToRegistry uri https://registry.npmjs.org/ionic
20 verbose addNameRange registry:https://registry.npmjs.org/ionic not in flight; fetching
21 silly cache add parsed spec Result {
21 silly cache add   raw: 'to',
21 silly cache add   scope: null,
21 silly cache add   name: 'to',
21 silly cache add   rawSpec: '',
21 silly cache add   spec: '*',
21 silly cache add   type: 'range' }
22 silly addNamed to@*
23 verbose addNamed "*" is a valid semver range for to
24 silly addNameRange { name: 'to', range: '*', hasData: false }
25 silly mapToRegistry name to
26 silly mapToRegistry using default registry
27 silly mapToRegistry registry https://registry.npmjs.org/
28 silly mapToRegistry uri https://registry.npmjs.org/to
29 verbose addNameRange registry:https://registry.npmjs.org/to not in flight; fetching
30 silly cache add parsed spec Result {
30 silly cache add   raw: 'update',
30 silly cache add   scope: null,
30 silly cache add   name: 'update',
30 silly cache add   rawSpec: '',
30 silly cache add   spec: '*',
30 silly cache add   type: 'range' }
31 silly addNamed update@*
32 verbose addNamed "*" is a valid semver range for update
33 silly addNameRange { name: 'update', range: '*', hasData: false }
34 silly mapToRegistry name update
35 silly mapToRegistry using default registry
36 silly mapToRegistry registry https://registry.npmjs.org/
37 silly mapToRegistry uri https://registry.npmjs.org/update
38 verbose addNameRange registry:https://registry.npmjs.org/update not in flight; fetching
39 verbose request uri https://registry.npmjs.org/to
40 verbose request no auth needed
41 info attempt registry request try #1 at 9:25:09 AM
42 verbose request id 609d96b7493a15f8
43 verbose etag "C0CKNCOJZFPGGLNP1OSQMTNDW"
44 http request GET https://registry.npmjs.org/to
45 verbose request uri https://registry.npmjs.org/update
46 verbose request no auth needed
47 info attempt registry request try #1 at 9:25:09 AM
48 verbose etag "CZ6D6CM10G9ROFBSVVU2IPUAE"
49 http request GET https://registry.npmjs.org/update
50 verbose request uri https://registry.npmjs.org/ionic
51 verbose request no auth needed
52 info attempt registry request try #1 at 9:25:09 AM
53 verbose etag "67N4ZHNF7NWJ26JQUHHB7HR46"
54 http request GET https://registry.npmjs.org/ionic
55 http 304 https://registry.npmjs.org/update
56 silly get cb [ 304,
56 silly get   { date: 'Mon, 27 Jun 2016 13:25:10 GMT',
56 silly get     via: '1.1 varnish',
56 silly get     'cache-control': 'max-age=300',
56 silly get     etag: '"CZ6D6CM10G9ROFBSVVU2IPUAE"',
56 silly get     age: '0',
56 silly get     connection: 'keep-alive',
56 silly get     'x-served-by': 'cache-iad2132-IAD',
56 silly get     'x-cache': 'MISS',
56 silly get     'x-cache-hits': '0',
56 silly get     'x-timer': 'S1467033910.997091,VS0,VE94',
56 silly get     vary: 'Accept-Encoding' } ]
57 verbose etag https://registry.npmjs.org/update from cache
58 verbose get saving update to /Users/yanspineiro/.npm/registry.npmjs.org/update/.cache.json
59 silly addNameRange number 2 { name: 'update', range: '*', hasData: true }
60 silly addNameRange versions [ 'update',
60 silly addNameRange   [ '0.1.0',
60 silly addNameRange     '0.2.0',
60 silly addNameRange     '0.3.0-beta',
60 silly addNameRange     '0.3.1-beta',
60 silly addNameRange     '0.3.2-beta',
60 silly addNameRange     '0.3.3-beta',
60 silly addNameRange     '0.3.3',
60 silly addNameRange     '0.3.5',
60 silly addNameRange     '0.3.6',
60 silly addNameRange     '0.4.0',
60 silly addNameRange     '0.4.1',
60 silly addNameRange     '0.4.2' ] ]
61 silly addNamed update@0.4.2
62 verbose addNamed "0.4.2" is a plain semver version for update
63 silly cache afterAdd update@0.4.2
64 verbose afterAdd /Users/yanspineiro/.npm/update/0.4.2/package/package.json not in flight; writing
65 http 200 https://registry.npmjs.org/ionic
66 silly get cb [ 200,
66 silly get   { server: 'CouchDB/1.5.0 (Erlang OTP/R16B03)',
66 silly get     etag: '"A9ERAVPVR2M37RJ5KRC9A1699"',
66 silly get     'content-type': 'application/json',
66 silly get     'content-encoding': 'gzip',
66 silly get     'cache-control': 'max-age=300',
66 silly get     'content-length': '63609',
66 silly get     'accept-ranges': 'bytes',
66 silly get     date: 'Mon, 27 Jun 2016 13:25:10 GMT',
66 silly get     via: '1.1 varnish',
66 silly get     age: '67',
66 silly get     connection: 'keep-alive',
66 silly get     'x-served-by': 'cache-iad2128-IAD',
66 silly get     'x-cache': 'HIT',
66 silly get     'x-cache-hits': '1',
66 silly get     'x-timer': 'S1467033910.996362,VS0,VE0',
66 silly get     vary: 'Accept-Encoding' } ]
67 verbose get saving ionic to /Users/yanspineiro/.npm/registry.npmjs.org/ionic/.cache.json
68 verbose afterAdd /Users/yanspineiro/.npm/update/0.4.2/package/package.json written
69 silly addNameRange number 2 { name: 'ionic', range: '*', hasData: true }
70 silly addNameRange versions [ 'ionic',
70 silly addNameRange   [ '0.9.6',
70 silly addNameRange     '0.9.8',
70 silly addNameRange     '0.9.9',
70 silly addNameRange     '0.9.10',
70 silly addNameRange     '0.9.11',
70 silly addNameRange     '0.9.12',
70 silly addNameRange     '0.9.13',
70 silly addNameRange     '0.9.14',
70 silly addNameRange     '0.9.15',
70 silly addNameRange     '0.9.16',
70 silly addNameRange     '1.0.0-beta.1',
70 silly addNameRange     '1.0.0-beta',
70 silly addNameRange     '1.0.1-beta',
70 silly addNameRange     '1.0.3-beta',
70 silly addNameRange     '1.0.4',
70 silly addNameRange     '1.0.5',
70 silly addNameRange     '1.0.6',
70 silly addNameRange     '1.0.7',
70 silly addNameRange     '1.0.8',
70 silly addNameRange     '1.0.9',
70 silly addNameRange     '1.0.10',
70 silly addNameRange     '1.0.11',
70 silly addNameRange     '1.0.12',
70 silly addNameRange     '1.0.13',
70 silly addNameRange     '1.0.14',
70 silly addNameRange     '1.0.15',
70 silly addNameRange     '1.0.16',
70 silly addNameRange     '1.0.17',
70 silly addNameRange     '1.1.0-beta1',
70 silly addNameRange     '1.1.0-beta2',
70 silly addNameRange     '1.1.0-beta3',
70 silly addNameRange     '1.1.0-beta4',
70 silly addNameRange     '1.1.0-beta5',
70 silly addNameRange     '1.1.0-beta6',
70 silly addNameRange     '1.1.0',
70 silly addNameRange     '1.1.1-beta1',
70 silly addNameRange     '1.1.1-beta2',
70 silly addNameRange     '1.1.1-beta3',
70 silly addNameRange     '1.1.1',
70 silly addNameRange     '1.1.3',
70 silly addNameRange     '1.1.4',
70 silly addNameRange     '1.1.5-beta1',
70 silly addNameRange     '1.1.5-beta2',
70 silly addNameRange     '1.1.5-beta3',
70 silly addNameRange     '1.1.5-beta4',
70 silly addNameRange     '1.1.5-beta5',
70 silly addNameRange     '1.1.5',
70 silly addNameRange     '1.1.6',
70 silly addNameRange     '1.1.7-beta1',
70 silly addNameRange     '1.1.7',
70 silly addNameRange     '1.1.8-beta1',
70 silly addNameRange     '1.1.8-beta2',
70 silly addNameRange     '1.1.8-beta3',
70 silly addNameRange     '1.1.8-beta4',
70 silly addNameRange     '1.1.8-beta5',
70 silly addNameRange     '1.1.8',
70 silly addNameRange     '1.1.9-beta1',
70 silly addNameRange     '1.1.9',
70 silly addNameRange     '1.1.10',
70 silly addNameRange     '1.1.11-beta1',
70 silly addNameRange     '1.1.11-beta2',
70 silly addNameRange     '1.1.11',
70 silly addNameRange     '1.1.12-beta1',
70 silly addNameRange     '1.1.12-beta2',
70 silly addNameRange     '1.1.12-beta3',
70 silly addNameRange     '1.1.12',
70 silly addNameRange     '1.1.13',
70 silly addNameRange     '1.1.14-beta1',
70 silly addNameRange     '1.1.14-beta2',
70 silly addNameRange     '1.1.14-beta3',
70 silly addNameRange     '1.2.0-beta1',
70 silly addNameRange     '1.2.0',
70 silly addNameRange     '1.2.1-beta1',
70 silly addNameRange     '1.2.1-beta2',
70 silly addNameRange     '1.2.1-beta3',
70 silly addNameRange     '1.2.1-beta4',
70 silly addNameRange     '1.2.1',
70 silly addNameRange     '1.2.2',
70 silly addNameRange     '1.2.3-beta1',
70 silly addNameRange     '1.2.3-beta2',
70 silly addNameRange     '1.2.3-beta3',
70 silly addNameRange     '1.2.3',
70 silly addNameRange     '1.2.4-beta1',
70 silly addNameRange     '1.2.4-beta2',
70 silly addNameRange     '1.2.4-beta3',
70 silly addNameRange     '1.2.4',
70 silly addNameRange     '1.2.5-beta1',
70 silly addNameRange     '1.2.5-beta2',
70 silly addNameRange     '1.2.5-beta3',
70 silly addNameRange     '1.2.5',
70 silly addNameRange     '1.2.6-beta1',
70 silly addNameRange     '1.2.6-beta2',
70 silly addNameRange     '1.2.6-beta3',
70 silly addNameRange     '1.2.6',
70 silly addNameRange     '1.2.7',
70 silly addNameRange     '1.2.8-beta1',
70 silly addNameRange     '1.2.8-beta2',
70 silly addNameRange     '1.2.8',
70 silly addNameRange     '1.2.9',
70 silly addNameRange     '1.2.10',
70 silly addNameRange     '1.2.11',
70 silly addNameRange     '1.2.12',
70 silly addNameRange     '1.2.13',
70 silly addNameRange     '1.2.14-beta1',
70 silly addNameRange     '1.2.14-beta2',
70 silly addNameRange     '1.2.14-beta3',
70 silly addNameRange     '1.2.14-beta4',
70 silly addNameRange     '1.2.14-beta5',
70 silly addNameRange     '1.2.14-beta6',
70 silly addNameRange     '1.2.14',
70 silly addNameRange     '1.3.0-beta1',
70 silly addNameRange     '1.3.0',
70 silly addNameRange     '1.3.1',
70 silly addNameRange     '1.3.2',
70 silly addNameRange     '1.3.3',
70 silly addNameRange     '1.3.4',
70 silly addNameRange     '1.3.5',
70 silly addNameRange     '1.3.6',
70 silly addNameRange     '1.3.7',
70 silly addNameRange     '1.3.8',
70 silly addNameRange     '1.3.9',
70 silly addNameRange     '1.3.10',
70 silly addNameRange     '1.4.0-alpha.1',
70 silly addNameRange     '1.3.11',
70 silly addNameRange     '1.3.1-1.alpha.0',
70 silly addNameRange     '1.4.0-alpha.2',
70 silly addNameRange     '1.3.12',
70 silly addNameRange     '1.3.12-beta.1',
70 silly addNameRange     '1.3.12-beta.2',
70 silly addNameRange     '1.3.13-beta.0',
70 silly addNameRange     '1.3.1-3.beta.1',
70 silly addNameRange     '1.3.1-3.beta.2',
70 silly addNameRange     '1.3.13',
70 silly addNameRange     '1.3.1-3.beta.4',
70 silly addNameRange     '1.3.14-beta',
70 silly addNameRange     '1.3.14-beta.1',
70 silly addNameRange     '1.4.0-alpha.3',
70 silly addNameRange     '1.3.14',
70 silly addNameRange     '1.4.0-alpha.4',
70 silly addNameRange     '1.4.0-alpha.5',
70 silly addNameRange     '1.3.15-beta.0',
70 silly addNameRange     '1.3.15-beta.1',
70 silly addNameRange     '1.3.15-beta.2',
70 silly addNameRange     '1.3.15-beta.3',
70 silly addNameRange     '1.3.15-beta.4',
70 silly addNameRange     '1.3.15',
70 silly addNameRange     '1.3.16',
70 silly addNameRange     '1.4.0-alpha.6',
70 silly addNameRange     '1.3.17-beta.0',
70 silly addNameRange     '1.3.17-beta.1',
70 silly addNameRange     '1.3.17-beta.2',
70 silly addNameRange     '1.3.17-beta.3',
70 silly addNameRange     '1.3.1-7.beta.4',
70 silly addNameRange     '1.3.17',
70 silly addNameRange     '1.3.18-beta.0',
70 silly addNameRange     '1.3.18-beta.1',
70 silly addNameRange     '1.3.18-beta.2',
70 silly addNameRange     '1.3.18-beta.3',
70 silly addNameRange     '1.3.18',
70 silly addNameRange     '1.3.19-beta.0',
70 silly addNameRange     '1.3.19-beta.1',
70 silly addNameRange     '1.3.19-beta.2',
70 silly addNameRange     '1.3.19-beta.3',
70 silly addNameRange     '1.3.19-beta.4',
70 silly addNameRange     '1.3.19',
70 silly addNameRange     '1.3.20',
70 silly addNameRange     '1.4.1-beta.0',
70 silly addNameRange     '1.4.0-beta.1',
70 silly addNameRange     '1.4.0-beta.2',
70 silly addNameRange     '1.4.0-beta.3',
70 silly addNameRange     '1.4.0-beta.5',
70 silly addNameRange     '1.4.0-beta.6',
70 silly addNameRange     '1.4.0-beta.7',
70 silly addNameRange     '1.3.21-beta.0',
70 silly addNameRange     '1.3.21-beta.1',
70 silly addNameRange     '1.3.21',
70 silly addNameRange     '1.3.22',
70 silly addNameRange     '1.4.0-beta.8',
70 silly addNameRange     '1.4.0-beta.9',
70 silly addNameRange     '1.4.0-beta.10',
70 silly addNameRange     '1.4.0-beta.11',
70 silly addNameRange     '1.4.0-beta.12',
70 silly addNameRange     '1.4.0-beta.13',
70 silly addNameRange     '1.4.0-beta.14',
70 silly addNameRange     '1.4.0-beta.15',
70 silly addNameRange     '1.4.0-beta.16',
70 silly addNameRange     '1.4.0-beta.17',
70 silly addNameRange     '1.4.0-beta.18',
70 silly addNameRange     '1.4.0',
70 silly addNameRange     '1.4.1',
70 silly addNameRange     '1.4.2',
70 silly addNameRange     '1.4.3',
70 silly addNameRange     '1.4.4-beta.0',
70 silly addNameRange     '1.4.4-beta.2',
70 silly addNameRange     '1.4.4',
70 silly addNameRange     '1.4.5-beta.0',
70 silly addNameRange     '1.4.5-beta.1',
70 silly addNameRange     '1.4.5-beta.2',
70 silly addNameRange     '1.4.5-beta.3',
70 silly addNameRange     '1.4.5',
70 silly addNameRange     '1.4.6-beta.0',
70 silly addNameRange     '1.4.6',
70 silly addNameRange     '1.4.7',
70 silly addNameRange     '1.4.8',
70 silly addNameRange     '1.5.0-beta.0',
70 silly addNameRange     '1.5.0-beta.1',
70 silly addNameRange     '1.5.0',
70 silly addNameRange     '1.5.1-beta.0',
70 silly addNameRange     '1.5.1-beta.1',
70 silly addNameRange     '1.5.1-beta.2',
70 silly addNameRange     '1.5.1-beta.3',
70 silly addNameRange     '1.5.1-beta.4',
70 silly addNameRange     '1.5.1',
70 silly addNameRange     '1.5.2',
70 silly addNameRange     '1.5.3',
70 silly addNameRange     '1.5.4',
70 silly addNameRange     '1.5.5',
70 silly addNameRange     '1.6.0-beta.1',
70 silly addNameRange     '1.6.0',
70 silly addNameRange     '1.6.1',
70 silly addNameRange     '1.6.2-beta.0',
70 silly addNameRange     '1.6.2-beta.1',
70 silly addNameRange     '1.6.2-beta.2',
70 silly addNameRange     '1.6.2',
70 silly addNameRange     '1.6.3-beta.0',
70 silly addNameRange     '1.6.3-beta.1',
70 silly addNameRange     '1.6.3',
70 silly addNameRange     '1.6.4-beta.0',
70 silly addNameRange     '1.6.4-beta.1',
70 silly addNameRange     '1.6.4',
70 silly addNameRange     '1.7.0-beta.0',
70 silly addNameRange     '1.7.0-beta.1',
70 silly addNameRange     '1.7.0-beta.2',
70 silly addNameRange     '1.7.0-beta.3',
70 silly addNameRange     '2.0.0-alpha.1',
70 silly addNameRange     '2.0.0-alpha.3',
70 silly addNameRange     '1.7.0-beta.4',
70 silly addNameRange     '1.6.5-testing.0',
70 silly addNameRange     '1.6.5-testing.1',
70 silly addNameRange     '1.6.5-testing.2',
70 silly addNameRange     '1.6.5-testing.3',
70 silly addNameRange     '1.6.5',
70 silly addNameRange     '2.0.0-alpha.4',
70 silly addNameRange     '1.7.0-beta.5',
70 silly addNameRange     '1.7.0-beta.6',
70 silly addNameRange     '1.7.0',
70 silly addNameRange     '2.0.0-alpha.5',
70 silly addNameRange     '2.0.0-alpha.6',
70 silly addNameRange     '1.7.1',
70 silly addNameRange     '2.0.0-alpha.7',
70 silly addNameRange     '2.0.0-alpha.8',
70 silly addNameRange     '1.7.2',
70 silly addNameRange     '1.7.3',
70 silly addNameRange     '1.7.4',
70 silly addNameRange     '1.7.5',
70 silly addNameRange     '1.7.6',
70 silly addNameRange     '1.7.7-beta.0',
70 silly addNameRange     '2.0.0-alpha.9',
70 silly addNameRange     '1.7.7',
70 silly addNameRange     '2.0.0-alpha.10',
70 silly addNameRange     '2.0.0-alpha.11',
70 silly addNameRange     '2.0.0-alpha.12',
70 silly addNameRange     '2.0.0-alpha.13',
70 silly addNameRange     '2.0.0-alpha.14',
70 silly addNameRange     '2.0.0-alpha.15',
70 silly addNameRange     '2.0.0-alpha.16',
70 silly addNameRange     '2.0.0-alpha.17',
70 silly addNameRange     '2.0.0-alpha.18',
70 silly addNameRange     '1.7.8-beta.0',
70 silly addNameRange     '1.7.8-beta.1',
70 silly addNameRange     '1.7.8-beta.2',
70 silly addNameRange     '1.7.8-beta.3',
70 silly addNameRange     '1.7.8',
70 silly addNameRange     '2.0.0-alpha.19',
70 silly addNameRange     '2.0.0-alpha.20',
70 silly addNameRange     '2.0.0-alpha.21',
70 silly addNameRange     '2.0.0-alpha.22',
70 silly addNameRange     '2.0.0-alpha.23',
70 silly addNameRange     '1.7.9',
70 silly addNameRange     '1.7.10',
70 silly addNameRange     '2.0.0-alpha.24',
70 silly addNameRange     '2.0.0-alpha.25',
70 silly addNameRange     '2.0.0-beta.1',
70 silly addNameRange     '1.7.11',
70 silly addNameRange     '2.0.0-beta.2',
70 silly addNameRange     '2.0.0-beta.3',
70 silly addNameRange     '2.0.0-beta.4',
70 silly addNameRange     '2.0.0-beta.5',
70 silly addNameRange     '2.0.0-beta.6',
70 silly addNameRange     '2.0.0-beta.7',
70 silly addNameRange     '2.0.0-beta.8',
70 silly addNameRange     '2.0.0-beta.9',
70 silly addNameRange     '2.0.0-beta.10',
70 silly addNameRange     '2.0.0-beta.11',
70 silly addNameRange     '1.7.12',
70 silly addNameRange     '2.0.0-beta.12',
70 silly addNameRange     '2.0.0-beta.13',
70 silly addNameRange     '2.0.0-beta.14',
70 silly addNameRange     '2.0.0-beta.15',
70 silly addNameRange     '2.0.0-beta.16',
70 silly addNameRange     '2.0.0-beta.17',
70 silly addNameRange     '1.7.13',
70 silly addNameRange     '1.7.14',
70 silly addNameRange     '2.0.0-beta.18',
70 silly addNameRange     '2.0.0-beta.19',
70 silly addNameRange     '2.0.0-beta.20',
70 silly addNameRange     '2.0.0-beta.21',
70 silly addNameRange     '2.0.0-beta.22',
70 silly addNameRange     '2.0.0-beta.23',
70 silly addNameRange     '2.0.0-beta.24',
70 silly addNameRange     '2.0.0-beta.25',
70 silly addNameRange     '1.7.15-beta.0',
70 silly addNameRange     '1.7.15-beta.1',
70 silly addNameRange     '1.7.15-beta.2',
70 silly addNameRange     '1.7.15-beta.3',
70 silly addNameRange     '1.7.15',
70 silly addNameRange     '2.0.0-beta.26',
70 silly addNameRange     '2.0.0-beta.27',
70 silly addNameRange     '2.0.0-beta.28',
70 silly addNameRange     '2.0.0-beta.29',
70 silly addNameRange     '2.0.0-beta.30',
70 silly addNameRange     '2.0.0-beta.31',
70 silly addNameRange     '1.7.16',
70 silly addNameRange     '2.0.0-beta.32' ] ]
71 silly addNamed ionic@1.7.16
72 verbose addNamed "1.7.16" is a plain semver version for ionic
73 silly mapToRegistry name ionic
74 silly mapToRegistry using default registry
75 silly mapToRegistry registry https://registry.npmjs.org/
76 silly mapToRegistry uri https://registry.npmjs.org/ionic
77 verbose addRemoteTarball https://registry.npmjs.org/ionic/-/ionic-1.7.16.tgz not in flight; adding
78 verbose addRemoteTarball [ 'https://registry.npmjs.org/ionic/-/ionic-1.7.16.tgz',
78 verbose addRemoteTarball   'aeff62ee70b10b1563d85b9d4ea7005640bbc584' ]
79 info retry fetch attempt 1 at 9:25:10 AM
80 info attempt registry request try #1 at 9:25:10 AM
81 http fetch GET https://registry.npmjs.org/ionic/-/ionic-1.7.16.tgz
82 http fetch 200 https://registry.npmjs.org/ionic/-/ionic-1.7.16.tgz
83 http 304 https://registry.npmjs.org/to
84 silly get cb [ 304,
84 silly get   { date: 'Mon, 27 Jun 2016 13:25:10 GMT',
84 silly get     via: '1.1 varnish',
84 silly get     'cache-control': 'max-age=300',
84 silly get     etag: '"C0CKNCOJZFPGGLNP1OSQMTNDW"',
84 silly get     age: '0',
84 silly get     connection: 'keep-alive',
84 silly get     'x-served-by': 'cache-iad2146-IAD',
84 silly get     'x-cache': 'HIT',
84 silly get     'x-cache-hits': '1',
84 silly get     'x-timer': 'S1467033910.998158,VS0,VE386',
84 silly get     vary: 'Accept-Encoding' } ]
85 verbose etag https://registry.npmjs.org/to from cache
86 verbose get saving to to /Users/yanspineiro/.npm/registry.npmjs.org/to/.cache.json
87 silly addNameRange number 2 { name: 'to', range: '*', hasData: true }
88 silly addNameRange versions [ 'to',
88 silly addNameRange   [ '0.0.1',
88 silly addNameRange     '0.0.2',
88 silly addNameRange     '0.0.3',
88 silly addNameRange     '0.1.0',
88 silly addNameRange     '0.1.1',
88 silly addNameRange     '0.1.2',
88 silly addNameRange     '0.2.0',
88 silly addNameRange     '0.2.1',
88 silly addNameRange     '0.2.2',
88 silly addNameRange     '0.2.3',
88 silly addNameRange     '0.2.4',
88 silly addNameRange     '0.2.5',
88 silly addNameRange     '0.2.6',
88 silly addNameRange     '0.2.7',
88 silly addNameRange     '0.2.8',
88 silly addNameRange     '0.2.9' ] ]
89 silly addNamed to@0.2.9
90 verbose addNamed "0.2.9" is a plain semver version for to
91 silly cache afterAdd to@0.2.9
92 verbose afterAdd /Users/yanspineiro/.npm/to/0.2.9/package/package.json not in flight; writing
93 verbose afterAdd /Users/yanspineiro/.npm/to/0.2.9/package/package.json written
94 silly fetchAndShaCheck shasum aeff62ee70b10b1563d85b9d4ea7005640bbc584
95 verbose addTmpTarball /var/folders/dv/qd_9vjd56ps61sq4_yqt26p80000gn/T/npm-15061-2fc11b06/registry.npmjs.org/ionic/-/ionic-1.7.16.tgz not in flight; adding
96 verbose addTmpTarball already have metadata; skipping unpack for ionic@1.7.16
97 silly cache afterAdd ionic@1.7.16
98 verbose afterAdd /Users/yanspineiro/.npm/ionic/1.7.16/package/package.json not in flight; writing
99 verbose afterAdd /Users/yanspineiro/.npm/ionic/1.7.16/package/package.json written
100 silly install resolved [ { name: 'update',
100 silly install resolved     description: 'Easily keep anything in your project up-to-date by installing the updaters you want to use and running `update` in the command line! Update the copyright date, licence type, ensure that a project uses your latest eslint or jshint configuration, remove dep',
100 silly install resolved     version: '0.4.2',
100 silly install resolved     homepage: 'https://github.com/update/update',
100 silly install resolved     author:
100 silly install resolved      { name: 'Jon Schlinkert',
100 silly install resolved        url: 'https://github.com/jonschlinkert' },
100 silly install resolved     authors:
100 silly install resolved      [ 'Brian Woodward <brian.woodward@gmail.com> (https://github.com/doowb)',
100 silly install resolved        'Jon Schlinkert (https://github.com/jonschlinkert)' ],
100 silly install resolved     contributors: [ [Object], [Object] ],
100 silly install resolved     repository: { type: 'git', url: 'git+https://github.com/update/update.git' },
100 silly install resolved     bugs: { url: 'https://github.com/update/update/issues' },
100 silly install resolved     license: 'MIT',
100 silly install resolved     files: [ 'bin', 'index.js', 'lib/' ],
100 silly install resolved     main: 'index.js',
100 silly install resolved     engines: { node: '>=0.10.0' },
100 silly install resolved     scripts: { test: 'mocha' },
100 silly install resolved     preferGlobal: true,
100 silly install resolved     bin: { update: 'bin/update.js' },
100 silly install resolved     dependencies:
100 silly install resolved      { 'ansi-cyan': '^0.1.1',
100 silly install resolved        'ansi-gray': '^0.1.1',
100 silly install resolved        'ansi-green': '^0.1.1',
100 silly install resolved        'ansi-red': '^0.1.1',
100 silly install resolved        'ansi-yellow': '^0.1.1',
100 silly install resolved        'assemble-core': '^0.8.0',
100 silly install resolved        'assemble-loader': '^0.2.6',
100 silly install resolved        async: '^1.5.2',
100 silly install resolved        base: '^0.6.3',
100 silly install resolved        'base-cli': '^0.4.0',
100 silly install resolved        'base-config': '^0.3.3',
100 silly install resolved        'base-options': '^0.5.4',
100 silly install resolved        'base-pipeline': '^0.1.4',
100 silly install resolved        'base-store': '^0.3.2',
100 silly install resolved        'composer-runtimes': '^0.7.0',
100 silly install resolved        'define-property': '^0.2.5',
100 silly install resolved        'engine-base': '^0.1.2',
100 silly install resolved        'expand-args': '^0.3.1',
100 silly install resolved        'expand-object': '^0.4.1',
100 silly install resolved        'export-files': '^2.1.0',
100 silly install resolved        'extend-shallow': '^2.0.1',
100 silly install resolved        'for-own': '^0.1.3',
100 silly install resolved        'get-value': '^2.0.2',
100 silly install resolved        'global-modules': '^0.2.0',
100 silly install resolved        'gulp-eslint': '^1.1.1',
100 silly install resolved        'lazy-cache': '^1.0.3',
100 silly install resolved        'load-pkg': '^3.0.1',
100 silly install resolved        matched: '^0.4.1',
100 silly install resolved        micromatch: '^2.3.7',
100 silly install resolved        minimist: '^1.2.0',
100 silly install resolved        'object.omit': '^2.0.0',
100 silly install resolved        'object.pick': '^1.1.1',
100 silly install resolved        'parser-front-matter': '^1.3.0',
100 silly install resolved        'project-name': '^0.2.3',
100 silly install resolved        'question-cache': '^0.3.5',
100 silly install resolved        rimraf: '^2.5.0',
100 silly install resolved        'set-value': '^0.3.2',
100 silly install resolved        'sort-object-arrays': '^0.1.1',
100 silly install resolved        'stream-exhaust': '^1.0.1',
100 silly install resolved        'success-symbol': '^0.1.0',
100 silly install resolved        through2: '^2.0.0',
100 silly install resolved        'time-stamp': '^0.1.3',
100 silly install resolved        'union-value': '^0.2.1',
100 silly install resolved        use: '^1.1.2' },
100 silly install resolved     devDependencies:
100 silly install resolved      { 'buffer-equal': '^1.0.0',
100 silly install resolved        consolidate: '^0.13.1',
100 silly install resolved        coveralls: '^2.11.6',
100 silly install resolved        'data-store': '^0.12.1',
100 silly install resolved        'engine-handlebars': '^0.8.0',
100 silly install resolved        'event-stream': '^3.3.2',
100 silly install resolved        'graceful-fs': '^4.1.2',
100 silly install resolved        gulp: '^3.9.0',
100 silly install resolved        'gulp-format-md': '^0.1.5',
100 silly install resolved        'gulp-istanbul': '^0.10.3',
100 silly install resolved        'gulp-mocha': '^2.2.0',
100 silly install resolved        'is-buffer': '^1.1.1',
100 silly install resolved        istanbul: '^0.4.1',
100 silly install resolved        'kind-of': '^3.0.2',
100 silly install resolved        mocha: '^2.3.4',
100 silly install resolved        'resolve-glob': '^0.1.8',
100 silly install resolved        should: '^8.0.2',
100 silly install resolved        sinon: '^1.17.2',
100 silly install resolved        swig: '^1.4.2',
100 silly install resolved        vinyl: '^1.1.0' },
100 silly install resolved     keywords: [ 'lint', 'next', 'repo', 'update' ],
100 silly install resolved     verb:
100 silly install resolved      { related: [Object],
100 silly install resolved        reflinks: [Object],
100 silly install resolved        plugins: [Object],
100 silly install resolved        data: [Object] },
100 silly install resolved     update:
100 silly install resolved      { note: 'this is just pseudo data for tests. I\'ll update with real stuff soon.',
100 silly install resolved        cwd: 'lib/pipeline',
100 silly install resolved        helpers: [Object],
100 silly install resolved        plugins: [Object],
100 silly install resolved        set: [Object] },
100 silly install resolved     gitHead: 'de0e1344b048505ed5e49c1b1618a86f98f999e4',
100 silly install resolved     _id: 'update@0.4.2',
100 silly install resolved     _shasum: '04c3bf907b653522c83a19d17879370b51097657',
100 silly install resolved     _from: 'update@*',
100 silly install resolved     _npmVersion: '3.3.12',
100 silly install resolved     _nodeVersion: '5.3.0',
100 silly install resolved     _npmUser: { name: 'jonschlinkert', email: 'github@sellside.com' },
100 silly install resolved     maintainers: [ [Object] ],
100 silly install resolved     dist:
100 silly install resolved      { shasum: '04c3bf907b653522c83a19d17879370b51097657',
100 silly install resolved        tarball: 'https://registry.npmjs.org/update/-/update-0.4.2.tgz' },
100 silly install resolved     directories: {},
100 silly install resolved     _resolved: 'https://registry.npmjs.org/update/-/update-0.4.2.tgz',
100 silly install resolved     readme: 'ERROR: No README data found!' },
100 silly install resolved   { name: 'to',
100 silly install resolved     description: 'load/convert between xml,json,yaml formats',
100 silly install resolved     homepage: 'https://github.com/openmason/to',
100 silly install resolved     version: '0.2.9',
100 silly install resolved     author: { name: 'el aras', email: 'openmason@gmail.com' },
100 silly install resolved     dependencies:
100 silly install resolved      { handy: '>= 0.0.11',
100 silly install resolved        underscore: '>= 1.4.0',
100 silly install resolved        'js-yaml': '>= 1.0.2',
100 silly install resolved        htmlparser: '>= 1.7.6',
100 silly install resolved        optimist: '>= 0.3.5' },
100 silly install resolved     devDependencies: { mocha: '>= 1.6.0', should: '>= 1.2.0' },
100 silly install resolved     keywords: [ 'converter', 'convertor', 'json', 'xml', 'yaml' ],
100 silly install resolved     repository: { type: 'git', url: 'git://github.com/openmason/to.git' },
100 silly install resolved     main: 'index',
100 silly install resolved     scripts: { prepublish: 'npm prune', test: 'make test' },
100 silly install resolved     engines: { node: '>= 0.8.0' },
100 silly install resolved     readme: '[![build status](https://secure.travis-ci.org/openmason/to.png)](http://travis-ci.org/openmason/to)\n\n# to.js\ncollection of convertors.\nComes with command line options to use the convertors along with a library version that can be used within programs as well.\n\n# Solves\n  * read input formats json, xml, yaml \n  * converts the document to internal javascript object form\n  * write output as json, yaml documents\n  * only input xml is handled (no output xml yet)\n\n## Installation\n\n    $ npm install -g to\n    $ npm install to\n\n## Usage\n\nCommand line:\n\n     # reads xml file and prints it in yml\n     $ to -i examples/sample.xml -o .yaml\n     \n     # reads yaml and prints it in json\n     $ to -i examples/sample.yml -o .json\n\nWithin your program:\n\n    var to = require(\'to\');\n    \n    # Load yaml\n    var yamldoc = to.format.yaml.load(\'config.yaml\');\n    \n    # print doc in yaml \n    var doc = ...;\n    console.log(to.format.yaml.stringify(doc));\n\n * refer to examples directory for xml, json, yaml code\n\n## Example\nFor a sample input xml:\n\n    <?xml version="1.0" encoding="UTF-8" ?>\n    <!DOCTYPE log4j:configuration SYSTEM "log4j.dtd">    \n    <dummy>\n    <value>15</value>\n    <value>35</value>\n    <value>5</value>\n    <value>4784</value>\n    <value>one more</value>\n    <h>decent</h>\n    <h>list</h>\n    <h>another</h>\n    <object>value</object>\n    <inner>\n      <h1>value</h1>\n      <li>got</li>\n      <li>milk</li>\n    </inner>\n   </dummy>\n\nOutput in json:\n\n    {\n      "dummy": {\n        "value": [\n          "15",\n          "35",\n          "5",\n          "4784",\n          "one more"\n        ],\n        "h": [\n          "decent",\n          "list",\n          "another"\n        ],\n        "object": "value",\n        "inner": {\n          "h1": "value",\n          "li": [\n            "got",\n            "milk"\n          ]\n        }\n      }\n    }\n    \n    # to try this example\n    $ to -i examples/sample1.xml -o .json\n\nOutput in yaml:\n\n    dummy: \n      value: \n        - 15\n        - 35\n        - 5\n        - 4784\n        - "one more"\n      h: \n        - decent\n        - list\n        - another\n      object: value\n      inner: \n        h1: value\n        li: \n          - got\n          - milk\n\n    # to try this example\n    $ to -i examples/sample1.xml -o .yaml\n\n## Todo\n * Input html (be forgiving with bad html)\n * Input markdown \n * Output xml\n * Output html\n * add unit tests\n * allow beautification params for all outputs \n\n## Test cases\nTo execute full test cases\n\n    $ make\n\n',
100 silly install resolved     _id: 'to@0.2.9',
100 silly install resolved     dist:
100 silly install resolved      { shasum: '0ba5a56fe53538db9205ceb6d7ed217aae4635c4',
100 silly install resolved        tarball: 'https://registry.npmjs.org/to/-/to-0.2.9.tgz' },
100 silly install resolved     maintainers: [ [Object], [Object] ],
100 silly install resolved     directories: {},
100 silly install resolved     _shasum: '0ba5a56fe53538db9205ceb6d7ed217aae4635c4',
100 silly install resolved     _resolved: 'https://registry.npmjs.org/to/-/to-0.2.9.tgz',
100 silly install resolved     _from: 'to@*',
100 silly install resolved     bugs: { url: 'https://github.com/openmason/to/issues' } },
100 silly install resolved   { name: 'ionic',
100 silly install resolved     version: '1.7.16',
100 silly install resolved     preferGlobal: true,
100 silly install resolved     description: 'A tool for creating and developing Ionic Framework mobile apps.',
100 silly install resolved     homepage: 'http://ionicframework.com/',
100 silly install resolved     bin: { ionic: 'bin/ionic' },
100 silly install resolved     scripts:
100 silly install resolved      { bump: 'node lib/tasks/bumpversion',
100 silly install resolved        'beta-bump': 'node lib/tasks/bumpversion --level pre --identifier beta',
100 silly install resolved        'publish-release': 'node lib/tasks/bumpversion --npmPublish',
100 silly install resolved        'publish-tag': 'node lib/tasks/bumpversion --level beta --npmPublishTag',
100 silly install resolved        'full-release': 'node lib/tasks/bumpversion --npmInstall --git --npmPublish',
100 silly install resolved        test: 'npm run jasmine',
100 silly install resolved        coveralls: 'istanbul cover node_modules/jasmine-node/bin/jasmine-node --captureExceptions spec/ && cat coverage/lcov.info | node_modules/coveralls/bin/coveralls.js && rm -rf coverage',
100 silly install resolved        e2e: 'jasmine-node --captureExceptions e2e/',
100 silly install resolved        jasmine: 'jasmine-node --captureExceptions  spec/' },
100 silly install resolved     keywords:
100 silly install resolved      [ 'ionic',
100 silly install resolved        'ionic framework',
100 silly install resolved        'ionicframework',
100 silly install resolved        'mobile',
100 silly install resolved        'app',
100 silly install resolved        'hybrid',
100 silly install resolved        'cordova',
100 silly install resolved        'phonegap' ],
100 silly install resolved     repository:
100 silly install resolved      { type: 'git',
100 silly install resolved        url: 'git+https://github.com/driftyco/ionic-cli.git' },
100 silly install resolved     contributors: [ [Object], [Object], [Object], [Object] ],
100 silly install resolved     license: 'MIT',
100 silly install resolved     dependencies:
100 silly install resolved      { async: '^0.9.0',
100 silly install resolved        cheerio: '^0.19.0',
100 silly install resolved        'cli-table': '^0.3.1',
100 silly install resolved        colors: '0.6.2',
100 silly install resolved        connect: '3.1.1',
100 silly install resolved        'connect-livereload': '0.5.2',
100 silly install resolved        crc: '3.2.1',
100 silly install resolved        'cross-spawn': '0.2.3',
100 silly install resolved        'event-stream': '3.0.x',
100 silly install resolved        'expand-tilde': '^1.2.0',
100 silly install resolved        finalhandler: '0.2.0',
100 silly install resolved        'form-data': '0.1.4',
100 silly install resolved        gulp: '3.8.8',
100 silly install resolved        'ionic-app-lib': '0.7.3',
100 silly install resolved        moment: '^2.10.6',
100 silly install resolved        ncp: '0.4.2',
100 silly install resolved        npm: '2.1.3',
100 silly install resolved        open: '0.0.5',
100 silly install resolved        optimist: '0.6.0',
100 silly install resolved        progress: '1.1.7',
100 silly install resolved        prompt: '0.2.12',
100 silly install resolved        'proxy-middleware': '^0.7.0',
100 silly install resolved        q: '1.0.1',
100 silly install resolved        request: '2.51.0',
100 silly install resolved        semver: '^4.2.0',
100 silly install resolved        'serve-static': '1.7.1',
100 silly install resolved        shelljs: '0.2.6',
100 silly install resolved        'tiny-lr-fork': '0.0.5',
100 silly install resolved        underscore: '~1.7.0',
100 silly install resolved        unzip: '0.1.9',
100 silly install resolved        'vinyl-fs': '0.3.7',
100 silly install resolved        xml2js: '0.4.4' },
100 silly install resolved     devDependencies:
100 silly install resolved      { istanbul: '^0.4.3',
100 silly install resolved        'jasmine-node': '^1.14.5',
100 silly install resolved        rewire: '^2.3.4',
100 silly install resolved        coveralls: '^2.2.0' },
100 silly install resolved     gitHead: '18c567549d82beaa921c2afcd4abbd6c2c2ff402',
100 silly install resolved     bugs: { url: 'https://github.com/driftyco/ionic-cli/issues' },
100 silly install resolved     bundleDependencies:
100 silly install resolved      [ 'async',
100 silly install resolved        'cheerio',
100 silly install resolved        'cli-table',
100 silly install resolved        'colors',
100 silly install resolved        'connect',
100 silly install resolved        'connect-livereload',
100 silly install resolved        'crc',
100 silly install resolved        'cross-spawn',
100 silly install resolved        'event-stream',
100 silly install resolved        'expand-tilde',
100 silly install resolved        'finalhandler',
100 silly install resolved        'form-data',
100 silly install resolved        'gulp',
100 silly install resolved        'ionic-app-lib',
100 silly install resolved        'moment',
100 silly install resolved        'ncp',
100 silly install resolved        'npm',
100 silly install resolved        'open',
100 silly install resolved        'optimist',
100 silly install resolved        'progress',
100 silly install resolved        'prompt',
100 silly install resolved        'proxy-middleware',
100 silly install resolved        'q',
100 silly install resolved        'request',
100 silly install resolved        'semver',
100 silly install resolved        'serve-static',
100 silly install resolved        'shelljs',
100 silly install resolved        'tiny-lr-fork',
100 silly install resolved        'underscore',
100 silly install resolved        'unzip',
100 silly install resolved        'vinyl-fs',
100 silly install resolved        'xml2js' ],
100 silly install resolved     _id: 'ionic@1.7.16',
100 silly install resolved     _shasum: 'aeff62ee70b10b1563d85b9d4ea7005640bbc584',
100 silly install resolved     _from: 'ionic@*',
100 silly install resolved     _npmVersion: '2.15.8',
100 silly install resolved     _nodeVersion: '5.11.1',
100 silly install resolved     _npmUser: { name: 'tlancina', email: 'tim@ionic.io' },
100 silly install resolved     dist:
100 silly install resolved      { shasum: 'aeff62ee70b10b1563d85b9d4ea7005640bbc584',
100 silly install resolved        tarball: 'https://registry.npmjs.org/ionic/-/ionic-1.7.16.tgz' },
100 silly install resolved     maintainers: [ [Object], [Object], [Object], [Object], [Object], [Object] ],
100 silly install resolved     _npmOperationalInternal:
100 silly install resolved      { host: 'packages-12-west.internal.npmjs.com',
100 silly install resolved        tmp: 'tmp/ionic-1.7.16.tgz_1466719271098_0.49172955146059394' },
100 silly install resolved     directories: {},
100 silly install resolved     _resolved: 'https://registry.npmjs.org/ionic/-/ionic-1.7.16.tgz' } ]
101 info install update@0.4.2 into /usr/local/lib
102 info install to@0.2.9 into /usr/local/lib
103 info install ionic@1.7.16 into /usr/local/lib
104 info installOne update@0.4.2
105 verbose installOne of update to /usr/local/lib not in flight; installing
106 info installOne to@0.2.9
107 verbose installOne of to to /usr/local/lib not in flight; installing
108 info installOne ionic@1.7.16
109 verbose installOne of ionic to /usr/local/lib not in flight; installing
110 verbose lock using /Users/yanspineiro/.npm/_locks/update-a554ca6fd1dfb67b.lock for /usr/local/lib/node_modules/update
111 verbose lock using /Users/yanspineiro/.npm/_locks/to-9394763c9b022e79.lock for /usr/local/lib/node_modules/to
112 verbose lock using /Users/yanspineiro/.npm/_locks/ionic-61c0cd50dc7a1457.lock for /usr/local/lib/node_modules/ionic
113 silly install write writing to 0.2.9 to /usr/local/lib/node_modules/to
114 silly install write writing update 0.4.2 to /usr/local/lib/node_modules/update
115 silly install write writing ionic 1.7.16 to /usr/local/lib/node_modules/ionic
116 verbose unbuild lib/node_modules/to
117 verbose unbuild lib/node_modules/update
118 verbose unbuild lib/node_modules/ionic
119 info preuninstall to@0.2.9
120 info preuninstall update@0.4.2
121 info uninstall to@0.2.9
122 info uninstall update@0.4.2
123 info preuninstall ionic@1.7.14
124 verbose unbuild rmStuff to@0.2.9 from /usr/local/lib/node_modules
125 info postuninstall to@0.2.9
126 verbose unbuild rmStuff update@0.4.2 from /usr/local/lib/node_modules
127 silly gentlyRm /usr/local/bin/update is being gently removed
128 silly gentlyRm verifying /usr/local is an npm working directory
129 silly gentlyRm containing path /usr/local is under npm's control, in /usr/local
130 silly gentlyRm deletion target /usr/local/bin/update is under /usr/local
131 verbose gentlyRm vacuuming from /usr/local/bin/update up to /usr/local
132 info uninstall ionic@1.7.14
133 silly gentlyRm /usr/local/lib/node_modules/to is being purged from base /usr/local
134 verbose gentlyRm don't care about contents; nuking /usr/local/lib/node_modules/to
135 silly vacuum-fs purging /usr/local/lib/node_modules/to
136 silly vacuum-fs removing /usr/local/bin/update
137 verbose unbuild rmStuff ionic@1.7.14 from /usr/local/lib/node_modules
138 silly gentlyRm /usr/local/bin/ionic is being gently removed
139 silly gentlyRm verifying /usr/local is an npm working directory
140 silly gentlyRm containing path /usr/local is under npm's control, in /usr/local
141 silly gentlyRm deletion target /usr/local/bin/ionic is under /usr/local
142 verbose gentlyRm vacuuming from /usr/local/bin/ionic up to /usr/local
143 silly vacuum-fs removing /usr/local/bin/ionic
144 silly vacuum-fs quitting because other entries in /usr/local/bin
145 info postuninstall update@0.4.2
146 silly vacuum-fs quitting because other entries in /usr/local/bin
147 info postuninstall ionic@1.7.14
148 silly gentlyRm /usr/local/lib/node_modules/update is being purged from base /usr/local
149 verbose gentlyRm don't care about contents; nuking /usr/local/lib/node_modules/update
150 silly gentlyRm /usr/local/lib/node_modules/ionic is being purged from base /usr/local
151 verbose gentlyRm don't care about contents; nuking /usr/local/lib/node_modules/ionic
152 verbose unlock done using /Users/yanspineiro/.npm/_locks/to-9394763c9b022e79.lock for /usr/local/lib/node_modules/to
153 silly vacuum-fs purging /usr/local/lib/node_modules/update
154 silly vacuum-fs purging /usr/local/lib/node_modules/ionic
155 verbose unlock done using /Users/yanspineiro/.npm/_locks/update-a554ca6fd1dfb67b.lock for /usr/local/lib/node_modules/update
156 verbose unlock done using /Users/yanspineiro/.npm/_locks/ionic-61c0cd50dc7a1457.lock for /usr/local/lib/node_modules/ionic
157 verbose stack Error: EACCES: permission denied, unlink '/usr/local/lib/node_modules/to/.npmignore'
157 verbose stack     at Error (native)
158 verbose cwd /Users/yanspineiro/pro_trainig/graham
159 error Darwin 15.4.0
160 error argv "/usr/local/bin/node" "/usr/local/bin/npm" "install" "-g" "ionic" "to" "update"
161 error node v4.1.0
162 error npm  v2.14.3
163 error path /usr/local/lib/node_modules/to/.npmignore
164 error code EACCES
165 error errno -13
166 error syscall unlink
167 error Error: EACCES: permission denied, unlink '/usr/local/lib/node_modules/to/.npmignore'
167 error     at Error (native)
167 error  { [Error: EACCES: permission denied, unlink '/usr/local/lib/node_modules/to/.npmignore']
167 error   errno: -13,
167 error   code: 'EACCES',
167 error   syscall: 'unlink',
167 error   path: '/usr/local/lib/node_modules/to/.npmignore' }
168 error Please try running this command again as root/Administrator.
169 verbose exit [ -13, true ]
170 verbose unbuild lib/node_modules/to
171 info preuninstall to@0.2.9
172 info uninstall to@0.2.9
173 verbose unbuild rmStuff to@0.2.9 from /usr/local/lib/node_modules
174 info postuninstall to@0.2.9
175 silly gentlyRm /usr/local/lib/node_modules/to is being purged from base /usr/local
176 verbose gentlyRm don't care about contents; nuking /usr/local/lib/node_modules/to
177 silly vacuum-fs purging /usr/local/lib/node_modules/to
178 error error rolling back Error: EACCES: permission denied, unlink '/usr/local/lib/node_modules/to/.npmignore'
178 error error rolling back     at Error (native)
178 error error rolling back  { [Error: EACCES: permission denied, unlink '/usr/local/lib/node_modules/to/.npmignore']
178 error error rolling back   errno: -13,
178 error error rolling back   code: 'EACCES',
178 error error rolling back   syscall: 'unlink',
178 error error rolling back   path: '/usr/local/lib/node_modules/to/.npmignore' }
